<?xml version="1.0" encoding="UTF-8"?>
<!-- Generated by org.testng.reporters.JUnitReportReporter -->
<testsuite hostname="DESKTOP-TTNA7JP" failures="0" tests="1" name="HMS.Admin.Logintest" time="35.009" errors="0" timestamp="2022-08-06T22:50:39 IST" skipped="0">
  <testcase classname="HMS.Admin.Logintest" name="adminlogintest" time="35.009"/>
  <system-out/>
</testsuite> <!-- HMS.Admin.Logintest -->
