<?xml version="1.0" encoding="UTF-8"?>
<!-- Generated by org.testng.reporters.JUnitReportReporter -->
<testsuite hostname="DESKTOP-TTNA7JP" failures="0" tests="1" name="HMS.Admin.Frontofficetest" time="55.887" errors="0" timestamp="2022-08-06T22:50:39 IST" skipped="0">
  <testcase classname="HMS.Admin.Frontofficetest" name="frontofficetest" time="55.887"/>
  <system-out/>
</testsuite> <!-- HMS.Admin.Frontofficetest -->
