<?xml version="1.0" encoding="UTF-8"?>
<!-- Generated by org.testng.reporters.JUnitReportReporter -->
<testsuite hostname="GiriLaptop" failures="0" tests="1" name="HMS.Admin.NewTest" time="5.908" errors="0" timestamp="2022-07-27T13:27:53 IST" skipped="0">
  <testcase classname="HMS.Admin.NewTest" name="f" time="5.908"/>
  <system-out/>
</testsuite> <!-- HMS.Admin.NewTest -->
